art undergraduate
artistic studies
Commission for Education and Culture
cultural action
cultural actions
cultural activities
cultural activity
cultural education
cultural event
cultural events
cultural life
cultural policy education
cultural studies
culture
culture and education
culture, youth, education
dissemination of culture
EACEA
education and cultural
education and cultural policies
education and cultural policy
education and culture
fine art studies
heritage
historical education
historical studies
history education
identity education
museum educational programme
museum educational programmes