African culture
American culture
Asian culture
Chinese culture
Christian architecture
Christian art
Christian culture
Christian feast
Christian heritage
colonial heritage
colonial history
Islamic heritage
Japanese culture
Jewish heritage
monuments and sites
religious heritage
shared culture
shared heritage
Tibetan culture
UNESCO
Western architecture
Western art
Western cinema
Western cultural
Western culture
Western dance
Western feast
Western gastronomy
Western heritage
Western history
Western history of art
Western legacies
Western legacy
Western literature
Western music
Western opera
Western performing arts
Western popular art
Western sculpture
Western tradition
Western traditions
Western way-of-living
Western worklife
world heritage