archeological heritage
artistic heritage
common culture
common heritage
common history
common way-of-living
cultural heritage
cultural legacy
cultural programme
European architecture
European art
European cinema
European cultural
European culture
European dance
European feast
European gastronomy
European heritage
European history of art
European legacy
European literature
European music
European opera
European painting
European sculture
European theatre
European tradition
European traditions
European videoart
European way-of-living
European worklife
historic heritage
historic legacy
mediterranean culture
mediterranean diet
mediterranean history
mediterranean legacy
shared culture
shared heritage
shared legacy